<?xml version="1.0" encoding="UTF-8"?>
<testsuite xmlns:xsi="http://www.w3.org/2001/XMLSchema-instance" xsi:noNamespaceSchemaLocation="https://maven.apache.org/surefire/maven-surefire-plugin/xsd/surefire-test-report-3.0.xsd" version="3.0" name="TestSuite" time="53.733" tests="2" errors="0" skipped="0" failures="0">
  <properties>
[...]
</properties>
  <testcase name="loginTest" classname="app.nopcommerce.testCases.TC_LoginTest_001" time="13.488"/>
  <testcase name="addNewCustomer" classname="app.nopcommerce.testCases.TC_AddCustomerTest_003" time="29.333"/>
</testsuite>